[     184ms] [ERROR] Failed to load resource: net::ERR_ADDRESS_INVALID @ https://static.cloudflareinsights.com/beacon.min.js/v8c78df7c7c0f484497ecbca7046644da1771523124516:0
[     733ms] [WARNING] THREE.THREE.Clock: This module has been deprecated. Please use THREE.Timer instead. @ https://privdna.com/_next/static/chunks/0vr007c4_dr5w.js:0
[  780473ms] [ERROR] Failed to send session replay batch: TypeError: Failed to fetch
    at I.sendSessionReplayBatch (https://analytics.privdna.com/api/script.js:1:8187)
    at P.sendBatch (https://analytics.privdna.com/api/script.js:1:8006)
    at P.flushEvents (https://analytics.privdna.com/api/script.js:1:7420)
    at P.stopRecording (https://analytics.privdna.com/api/script.js:1:6713)
    at P.cleanup (https://analytics.privdna.com/api/script.js:1:7568)
    at I.cleanup (https://analytics.privdna.com/api/script.js:1:12792)
    at https://analytics.privdna.com/api/script.js:1:25088 @ https://analytics.privdna.com/api/script.js:0
[  780769ms] NotFoundError: Failed to execute 'removeChild' on 'Node': The node to be removed is not a child of this node.
    at i7 (https://privdna.com/_next/static/chunks/00nvzi6qb_-1r.js:1:116048)
    at ur (https://privdna.com/_next/static/chunks/00nvzi6qb_-1r.js:1:117627)
    at ua (https://privdna.com/_next/static/chunks/00nvzi6qb_-1r.js:1:120061)
    at ur (https://privdna.com/_next/static/chunks/00nvzi6qb_-1r.js:1:117753)
    at ua (https://privdna.com/_next/static/chunks/00nvzi6qb_-1r.js:1:117879)
    at ur (https://privdna.com/_next/static/chunks/00nvzi6qb_-1r.js:1:117753)
    at ua (https://privdna.com/_next/static/chunks/00nvzi6qb_-1r.js:1:117879)
    at ur (https://privdna.com/_next/static/chunks/00nvzi6qb_-1r.js:1:117753)
    at ua (https://privdna.com/_next/static/chunks/00nvzi6qb_-1r.js:1:121336)
    at ur (https://privdna.com/_next/static/chunks/00nvzi6qb_-1r.js:1:117753)
[  783553ms] [ERROR] Failed to load resource: the server responded with a status of 400 () @ https://analytics.privdna.com/api/track:0
[  875515ms] NotFoundError: Failed to execute 'removeChild' on 'Node': The node to be removed is not a child of this node.
    at i7 (https://privdna.com/_next/static/chunks/00nvzi6qb_-1r.js:1:116048)
    at ur (https://privdna.com/_next/static/chunks/00nvzi6qb_-1r.js:1:117627)
    at ua (https://privdna.com/_next/static/chunks/00nvzi6qb_-1r.js:1:120061)
    at ur (https://privdna.com/_next/static/chunks/00nvzi6qb_-1r.js:1:117753)
    at ua (https://privdna.com/_next/static/chunks/00nvzi6qb_-1r.js:1:117879)
    at ur (https://privdna.com/_next/static/chunks/00nvzi6qb_-1r.js:1:117753)
    at ua (https://privdna.com/_next/static/chunks/00nvzi6qb_-1r.js:1:117879)
    at ur (https://privdna.com/_next/static/chunks/00nvzi6qb_-1r.js:1:117753)
    at ua (https://privdna.com/_next/static/chunks/00nvzi6qb_-1r.js:1:121336)
    at ur (https://privdna.com/_next/static/chunks/00nvzi6qb_-1r.js:1:117753)
